#
# There is insufficient memory for the Java Runtime Environment to continue.
# Native memory allocation (mmap) failed to map 268435456 bytes for G1 virtual space
# Possible reasons:
#   The system is out of physical RAM or swap space
#   The process is running with CompressedOops enabled, and the Java Heap may be blocking the growth of the native heap
# Possible solutions:
#   Reduce memory load on the system
#   Increase physical memory or swap space
#   Check if swap backing store is full
#   Decrease Java heap size (-Xmx/-Xms)
#   Decrease number of Java threads
#   Decrease Java thread stack sizes (-Xss)
#   Set larger code cache with -XX:ReservedCodeCacheSize=
#   JVM is running with Zero Based Compressed Oops mode in which the Java heap is
#     placed in the first 32GB address space. The Java Heap base address is the
#     maximum limit for the native heap growth. Please use -XX:HeapBaseMinAddress
#     to set the Java Heap base and to place the Java Heap above 32GB virtual address.
# This output file may be truncated or incomplete.
#
#  Out of Memory Error (os_windows.cpp:3825), pid=26436, tid=25772
#
# JRE version:  (17.0.10+1) (build )
# Java VM: OpenJDK 64-Bit Server VM (17.0.10+1-b1087.23, mixed mode, sharing, tiered, compressed oops, compressed class ptrs, g1 gc, windows-amd64)
# No core dump will be written. Minidumps are not enabled by default on client versions of Windows
#

---------------  S U M M A R Y ------------

Command Line: git4idea.http.GitAskPassApp Username for 'https://github.com': 

Host: Intel(R) Core(TM) i5-8250U CPU @ 1.60GHz, 8 cores, 15G,  Windows 10 , 64 bit Build 19041 (10.0.19041.4957)
Time: Mon Nov  4 19:26:17 2024 Afr. centrale Ouest elapsed time: 0.122671 seconds (0d 0h 0m 0s)

---------------  T H R E A D  ---------------

Current thread (0x000001d7f2dc24f0):  JavaThread "Unknown thread" [_thread_in_vm, id=25772, stack(0x0000009ef7a00000,0x0000009ef7b00000)]

Stack: [0x0000009ef7a00000,0x0000009ef7b00000]
Native frames: (J=compiled Java code, j=interpreted, Vv=VM code, C=native code)
V  [jvm.dll+0x688a29]
V  [jvm.dll+0x84216a]
V  [jvm.dll+0x843dae]
V  [jvm.dll+0x844413]
V  [jvm.dll+0x24ba8f]
V  [jvm.dll+0x6857f9]
V  [jvm.dll+0x67a0aa]
V  [jvm.dll+0x30c7eb]
V  [jvm.dll+0x313c96]
V  [jvm.dll+0x363a2e]
V  [jvm.dll+0x363c5f]
V  [jvm.dll+0x2e25b8]
V  [jvm.dll+0x2e3524]
V  [jvm.dll+0x812cd1]
V  [jvm.dll+0x3718e1]
V  [jvm.dll+0x7f1836]
V  [jvm.dll+0x3f553f]
V  [jvm.dll+0x3f7171]
C  [jli.dll+0x528f]
C  [ucrtbase.dll+0x21bb2]
C  [KERNEL32.DLL+0x17374]
C  [ntdll.dll+0x4cc91]


---------------  P R O C E S S  ---------------

Threads class SMR info:
_java_thread_list=0x00007ff80fbaef58, length=0, elements={
}

Java Threads: ( => current thread )

Other Threads:
  0x000001d7f2e2d070 GCTaskThread "GC Thread#0" [stack: 0x0000009ef7b00000,0x0000009ef7c00000] [id=7608]
  0x000001d7f2e3de40 ConcurrentGCThread "G1 Main Marker" [stack: 0x0000009ef7c00000,0x0000009ef7d00000] [id=2424]
  0x000001d7f2e3e860 ConcurrentGCThread "G1 Conc#0" [stack: 0x0000009ef7d00000,0x0000009ef7e00000] [id=16332]

[error occurred during error reporting (printing all threads), id 0xc0000005, EXCEPTION_ACCESS_VIOLATION (0xc0000005) at pc=0x00007ff80f363187]

VM state: not at safepoint (not fully initialized)

VM Mutex/Monitor currently owned by a thread:  ([mutex/lock_event])
[0x000001d7f2dbdb10] Heap_lock - owner thread: 0x000001d7f2dc24f0

Heap address: 0x0000000701800000, size: 4072 MB, Compressed Oops mode: Zero based, Oop shift amount: 3

CDS archive(s) mapped at: [0x0000000000000000-0x0000000000000000-0x0000000000000000), size 0, SharedBaseAddress: 0x0000000800000000, ArchiveRelocationMode: 1.
Narrow klass base: 0x0000000000000000, Narrow klass shift: 0, Narrow klass range: 0x0

GC Precious Log:
<Empty>

Heap:
 garbage-first heap   total 0K, used 0K [0x0000000701800000, 0x0000000800000000)
  region size 2048K, 0 young (0K), 0 survivors (0K)
 Metaspace       used 0K, committed 0K, reserved 0K
  class space    used 0K, committed 0K, reserved 0K

Heap Regions: E=young(eden), S=young(survivor), O=old, HS=humongous(starts), HC=humongous(continues), CS=collection set, F=free, OA=open archive, CA=closed archive, TAMS=top-at-mark-start (previous, next)

Card table byte_map: [0x000001d7f7070000,0x000001d7f7870000] _byte_map_base: 0x000001d7f3864000

Marking Bits (Prev, Next): (CMBitMap*) 0x000001d7f2e2d690, (CMBitMap*) 0x000001d7f2e2d6d0
 Prev Bits: [0x000001d7f8070000, 0x000001d7fc010000)
 Next Bits: [0x000001d7fc010000, 0x000001d7fffb0000)

GC Heap History (0 events):
No events

Dll operation events (1 events):
Event: 0.078 Loaded shared library C:\Program Files\JetBrains\IntelliJ IDEA 2023.3.3\jbr\bin\java.dll

Deoptimization events (0 events):
No events

Classes unloaded (0 events):
No events

Classes redefined (0 events):
No events

Internal exceptions (0 events):
No events

VM Operations (0 events):
No events

Events (0 events):
No events


Dynamic libraries:
0x00007ff6a26c0000 - 0x00007ff6a26ca000 	C:\Program Files\JetBrains\IntelliJ IDEA 2023.3.3\jbr\bin\java.exe
0x00007ff874790000 - 0x00007ff874988000 	C:\Windows\SYSTEM32\ntdll.dll
0x00007ff872ad0000 - 0x00007ff872b92000 	C:\Windows\System32\KERNEL32.DLL
0x00007ff872480000 - 0x00007ff87277e000 	C:\Windows\System32\KERNELBASE.dll
0x00007ff871f90000 - 0x00007ff872090000 	C:\Windows\System32\ucrtbase.dll
0x00007ff85f7b0000 - 0x00007ff85f7c7000 	C:\Program Files\JetBrains\IntelliJ IDEA 2023.3.3\jbr\bin\jli.dll
0x00007ff846860000 - 0x00007ff84687b000 	C:\Program Files\JetBrains\IntelliJ IDEA 2023.3.3\jbr\bin\VCRUNTIME140.dll
0x00007ff872930000 - 0x00007ff872acd000 	C:\Windows\System32\USER32.dll
0x00007ff871ed0000 - 0x00007ff871ef2000 	C:\Windows\System32\win32u.dll
0x00007ff85c1d0000 - 0x00007ff85c46a000 	C:\Windows\WinSxS\amd64_microsoft.windows.common-controls_6595b64144ccf1df_6.0.19041.4355_none_60b8b9eb71f62e16\COMCTL32.dll
0x00007ff873620000 - 0x00007ff87364b000 	C:\Windows\System32\GDI32.dll
0x00007ff8727b0000 - 0x00007ff87284e000 	C:\Windows\System32\msvcrt.dll
0x00007ff872260000 - 0x00007ff872377000 	C:\Windows\System32\gdi32full.dll
0x00007ff871e30000 - 0x00007ff871ecd000 	C:\Windows\System32\msvcp_win.dll
0x00007ff872d40000 - 0x00007ff872d6f000 	C:\Windows\System32\IMM32.DLL
0x00007ff86dea0000 - 0x00007ff86deac000 	C:\Program Files\JetBrains\IntelliJ IDEA 2023.3.3\jbr\bin\vcruntime140_1.dll
0x00007ff824d40000 - 0x00007ff824dcd000 	C:\Program Files\JetBrains\IntelliJ IDEA 2023.3.3\jbr\bin\msvcp140.dll
0x00007ff80f070000 - 0x00007ff80fcf3000 	C:\Program Files\JetBrains\IntelliJ IDEA 2023.3.3\jbr\bin\server\jvm.dll
0x00007ff874690000 - 0x00007ff874742000 	C:\Windows\System32\ADVAPI32.dll
0x00007ff873650000 - 0x00007ff8736f0000 	C:\Windows\System32\sechost.dll
0x00007ff8734e0000 - 0x00007ff873603000 	C:\Windows\System32\RPCRT4.dll
0x00007ff872780000 - 0x00007ff8727a7000 	C:\Windows\System32\bcrypt.dll
0x00007ff871330000 - 0x00007ff87137b000 	C:\Windows\SYSTEM32\POWRPROF.dll
0x00007ff85dec0000 - 0x00007ff85dec9000 	C:\Windows\SYSTEM32\WSOCK32.dll
0x00007ff874620000 - 0x00007ff87468b000 	C:\Windows\System32\WS2_32.dll
0x00007ff859800000 - 0x00007ff859827000 	C:\Windows\SYSTEM32\WINMM.dll
0x00007ff86ae60000 - 0x00007ff86ae6a000 	C:\Windows\SYSTEM32\VERSION.dll
0x00007ff8711f0000 - 0x00007ff871202000 	C:\Windows\SYSTEM32\UMPDC.dll
0x00007ff870610000 - 0x00007ff870622000 	C:\Windows\SYSTEM32\kernel.appcore.dll
0x00007ff86d040000 - 0x00007ff86d04a000 	C:\Program Files\JetBrains\IntelliJ IDEA 2023.3.3\jbr\bin\jimage.dll
0x00007ff86f9e0000 - 0x00007ff86fbc4000 	C:\Windows\SYSTEM32\DBGHELP.DLL
0x00007ff855310000 - 0x00007ff855344000 	C:\Windows\SYSTEM32\dbgcore.DLL
0x00007ff871f00000 - 0x00007ff871f82000 	C:\Windows\System32\bcryptPrimitives.dll
0x00007ff8496e0000 - 0x00007ff849705000 	C:\Program Files\JetBrains\IntelliJ IDEA 2023.3.3\jbr\bin\java.dll

dbghelp: loaded successfully - version: 4.0.5 - missing functions: none
symbol engine: initialized successfully - sym options: 0x614 - pdb path: .;C:\Program Files\JetBrains\IntelliJ IDEA 2023.3.3\jbr\bin;C:\Windows\SYSTEM32;C:\Windows\WinSxS\amd64_microsoft.windows.common-controls_6595b64144ccf1df_6.0.19041.4355_none_60b8b9eb71f62e16;C:\Program Files\JetBrains\IntelliJ IDEA 2023.3.3\jbr\bin\server

VM Arguments:
java_command: git4idea.http.GitAskPassApp Username for 'https://github.com': 
java_class_path (initial): C:/Program Files/JetBrains/IntelliJ IDEA 2023.3.3/plugins/vcs-git/lib/git4idea-rt.jar;C:/Program Files/JetBrains/IntelliJ IDEA 2023.3.3/lib/externalProcess-rt.jar
Launcher Type: SUN_STANDARD

[Global flags]
     intx CICompilerCount                          = 4                                         {product} {ergonomic}
     uint ConcGCThreads                            = 2                                         {product} {ergonomic}
     uint G1ConcRefinementThreads                  = 8                                         {product} {ergonomic}
   size_t G1HeapRegionSize                         = 2097152                                   {product} {ergonomic}
    uintx GCDrainStackTargetSize                   = 64                                        {product} {ergonomic}
   size_t InitialHeapSize                          = 268435456                                 {product} {ergonomic}
   size_t MarkStackSize                            = 4194304                                   {product} {ergonomic}
   size_t MaxHeapSize                              = 4269801472                                {product} {ergonomic}
   size_t MinHeapDeltaBytes                        = 2097152                                   {product} {ergonomic}
   size_t MinHeapSize                              = 8388608                                   {product} {ergonomic}
    uintx NonNMethodCodeHeapSize                   = 5839372                                {pd product} {ergonomic}
    uintx NonProfiledCodeHeapSize                  = 122909434                              {pd product} {ergonomic}
    uintx ProfiledCodeHeapSize                     = 122909434                              {pd product} {ergonomic}
    uintx ReservedCodeCacheSize                    = 251658240                              {pd product} {ergonomic}
     bool SegmentedCodeCache                       = true                                      {product} {ergonomic}
   size_t SoftMaxHeapSize                          = 4269801472                             {manageable} {ergonomic}
     bool UseCompressedClassPointers               = true                           {product lp64_product} {ergonomic}
     bool UseCompressedOops                        = true                           {product lp64_product} {ergonomic}
     bool UseG1GC                                  = true                                      {product} {ergonomic}
     bool UseLargePagesIndividualAllocation        = false                                  {pd product} {ergonomic}

Logging:
Log output configuration:
 #0: stdout all=warning uptime,level,tags
 #1: stderr all=off uptime,level,tags

Environment Variables:
PATH=C:\Program Files\Git\mingw64\libexec\git-core;C:\Program Files\Git\mingw64\libexec\git-core;C:\Program Files\Git\mingw64\bin;C:\Program Files\Git\usr\bin;C:\Users\abdes\bin;C:\Program Files (x86)\VMware\VMware Workstation\bin;C:\Program Files (x86)\Microsoft SDKs\Azure\CLI2\wbin;C:\Python312\Scripts;C:\Python312;C:\Windows\system32;C:\Windows;C:\Windows\System32\Wbem;C:\Windows\System32\WindowsPowerShell\v1.0;C:\Windows\System32\OpenSSH;C:\ProgramData\chocolatey\bin;C:\Program Files\Microsoft SQL Server\150\Tools\Binn;C:\Program Files\Git\cmd;C:\app\terraform;C:\app\openshift;C:\minikube;C:\curl-8.7.1_7-win64-mingw\bin\curl.exe;C:\Program Files\Docker\Docker\resources\bin;C:\Program Files\OpenSSL-Win64\bin;C:\Users\abdes\AppData\Roaming\nvm;C:\Program Files\nodejs;C:\Program Files\Git LFS;C:\Users\abdes\AppData\Local\Microsoft\WindowsApps;C:\Users\abdes\AppData\Local\Programs\Microsoft VS Code\bin;C:\Program Files\JetBrains\CLion 2023.2.2\bin;C:\Program Files\JetBrains\IntelliJ IDEA 2023.3.3\bin;C:\Users\abdes\AppData\Roaming\nvm;C:\Program Files\nodejs
USERNAME=abdes
DISPLAY=:0.0
LC_ALL=en_US.UTF-8
TERM=xterm-256color
TMPDIR=C:\Users\abdes\AppData\Local\Temp
OS=Windows_NT
PROCESSOR_IDENTIFIER=Intel64 Family 6 Model 142 Stepping 10, GenuineIntel
TMP=C:\Users\abdes\AppData\Local\Temp
TEMP=C:\Users\abdes\AppData\Local\Temp



Periodic native trim disabled

JNI global refs:
JNI global refs: 0, weak refs: 0

JNI global refs memory usage: 0, weak refs: 0

OOME stack traces (most recent first):
Classloader memory used:


---------------  S Y S T E M  ---------------

OS:
 Windows 10 , 64 bit Build 19041 (10.0.19041.4957)
OS uptime: 24 days 10:54 hours
Hyper-V role detected

CPU: total 8 (initial active 8) (4 cores per cpu, 2 threads per core) family 6 model 142 stepping 10 microcode 0xf0, cx8, cmov, fxsr, ht, mmx, 3dnowpref, sse, sse2, sse3, ssse3, sse4.1, sse4.2, popcnt, lzcnt, tsc, tscinvbit, avx, avx2, aes, erms, clmul, bmi1, bmi2, adx, fma, vzeroupper, clflush, clflushopt, hv
Processor Information for all 8 processors :
  Max Mhz: 1801, Current Mhz: 1300, Mhz Limit: 1801

Memory: 4k page, system-wide physical 16286M (2355M free)
TotalPageFile size 42347M (AvailPageFile size 173M)
current process WorkingSet (physical memory assigned to process): 10M, peak: 10M
current process commit charge ("private bytes"): 60M, peak: 316M

vm_info: OpenJDK 64-Bit Server VM (17.0.10+1-b1087.23) for windows-amd64 JRE (17.0.10+1-b1087.23), built on 2024-03-18 by "builduser" with MS VC++ 16.10 / 16.11 (VS2019)

END.
